=== DC-Detector Setup ===
INFO: Установка системы детекции огня для Raspberry Pi
INFO: Лог установки: setup_log_20251021_211016.log
=== Проверка системы ===
System info:
Linux raspberrypi 6.12.47+rpt-rpi-v8 #1 SMP PREEMPT Debian 1:6.12.47-1+rpt1~bookworm (2025-09-16) aarch64 GNU/Linux
[0;34m================================[0m
[0;34m🔥 DC-Detector Setup[0m
[0;34m================================[0m
[0;34mℹ️  Установка системы детекции огня для Raspberry Pi[0m
[0;34mℹ️  Лог установки: setup_log_20251021_211016.log[0m

[0;34m================================[0m
[0;34m🔥 Проверка системы[0m
[0;34m================================[0m
Model		: Raspberry Pi 3 Model B Rev 1.2
Linux version 6.12.47+rpt-rpi-v8 (serge@raspberrypi.com) (aarch64-linux-gnu-gcc-12 (Debian 12.2.0-14+deb12u1) 12.2.0, GNU ld (GNU Binutils for Debian) 2.40) #1 SMP PREEMPT Debian 1:6.12.47-1+rpt1~bookworm (2025-09-16)
[0;32m✅ Система проверена[0m
SUCCESS: Система проверена
[0;34m================================[0m
[0;34m🔥 Обновление системы[0m
[0;34m================================[0m
=== Обновление системы ===
[0;34mℹ️  Проверка и удаление проблемного GitHub CLI репозитория...[0m
INFO: Проверка и удаление проблемного GitHub CLI репозитория...
[0;34mℹ️  GitHub CLI репозиторий не найден[0m
INFO: GitHub CLI репозиторий не найден
[0;34mℹ️  Обновление пакетов...[0m
INFO: Обновление пакетов...
EXECUTING: sudo apt update
Command: sudo apt update


WARNING: apt does not have a stable CLI interface. Use with caution in scripts.

WARNING: apt does not have a stable CLI interface. Use with caution in scripts.

Hit:1 http://deb.debian.org/debian bookworm InRelease
Hit:1 http://deb.debian.org/debian bookworm InRelease
Hit:2 http://deb.debian.org/debian-security bookworm-security InRelease
Hit:3 http://deb.debian.org/debian bookworm-updates InRelease
Hit:2 http://deb.debian.org/debian-security bookworm-security InRelease
Hit:3 http://deb.debian.org/debian bookworm-updates InRelease
Hit:4 http://archive.raspberrypi.com/debian bookworm InRelease
Hit:4 http://archive.raspberrypi.com/debian bookworm InRelease
Reading package lists...Reading package lists...

Building dependency tree...Building dependency tree...
Reading state information...
Reading state information...

All packages are up to date.
All packages are up to date.
SUCCESS: Система обновлена
[0;32m✅ Система обновлена[0m
[0;34m================================[0m
[0;34m🔥 Установка необходимых пакетов[0m
[0;34m================================[0m
=== Установка необходимых пакетов ===
[0;34mℹ️  Установка основных пакетов...[0m
INFO: Установка основных пакетов...
EXECUTING: sudo apt install -y python3-pip python3-venv python3-dev python3-opencv libopencv-dev libhdf5-dev libhdf5-serial-dev libatlas-base-dev libavcodec-dev libavformat-dev libswscale-dev libv4l-dev libxvidcore-dev libx264-dev libgtk-3-dev libdc1394-dev v4l-utils git wget curl build-essential cmake pkg-config libjpeg-dev libpng-dev libtiff-dev libwebp-dev libopenexr-dev
Command: sudo apt install -y python3-pip python3-venv python3-dev python3-opencv libopencv-dev libhdf5-dev libhdf5-serial-dev libatlas-base-dev libavcodec-dev libavformat-dev libswscale-dev libv4l-dev libxvidcore-dev libx264-dev libgtk-3-dev libdc1394-dev v4l-utils git wget curl build-essential cmake pkg-config libjpeg-dev libpng-dev libtiff-dev libwebp-dev libopenexr-dev

WARNING: apt does not have a stable CLI interface. Use with caution in scripts.


WARNING: apt does not have a stable CLI interface. Use with caution in scripts.

Reading package lists...Reading package lists...

Building dependency tree...Building dependency tree...
Reading state information...
Reading state information...

python3-pip is already the newest version (23.0.1+dfsg-1+rpt1).
python3-venv is already the newest version (3.11.2-1+b1).
python3-dev is already the newest version (3.11.2-1+b1).
python3-opencv is already the newest version (4.6.0+dfsg-12).
libopencv-dev is already the newest version (4.6.0+dfsg-12).
libhdf5-dev is already the newest version (1.10.8+repack1-1).
libatlas-base-dev is already the newest version (3.10.3-13).
libavcodec-dev is already the newest version (8:5.1.7-0+deb12u1+rpt1).
libavformat-dev is already the newest version (8:5.1.7-0+deb12u1+rpt1).
libswscale-dev is already the newest version (8:5.1.7-0+deb12u1+rpt1).
libv4l-dev is already the newest version (1.22.1-5+b2).
libxvidcore-dev is already the newest version (2:1.3.7-1).
libx264-dev is already the newest version (2:0.164.3095+gitbaee400-3).
libgtk-3-dev is already the newest version (1:3.24.38-2~deb12u2+rpt7+rpi1).
libdc1394-dev is already the newest version (2.2.6-4).
v4l-utils is already the newest version (1.22.1-5+b2).
git is already the newest version (1:2.39.5-0+deb12u2).
wget is already the newest version (1.21.3-1+deb12u1).
curl is already the newest version (7.88.1-10+deb12u14).
build-essential is already the newest version (12.9).
cmake is already the newest version (3.25.1-1).
pkg-config is already the newest version (1.8.1-1).
libjpeg-dev is already the newest version (1:2.1.5-2).
libpng-dev is already the newest version (1.6.39-2).
libtiff-dev is already the newest version (4.5.0-6+deb12u3).
libwebp-dev is already the newest version (1.2.4-0.2+deb12u1).
libopenexr-dev is already the newest version (3.1.5-5).
The following packages were automatically installed and are no longer required:
python3-pip is already the newest version (23.0.1+dfsg-1+rpt1).
python3-venv is already the newest version (3.11.2-1+b1).
python3-dev is already the newest version (3.11.2-1+b1).
python3-opencv is already the newest version (4.6.0+dfsg-12).
libopencv-dev is already the newest version (4.6.0+dfsg-12).
libhdf5-dev is already the newest version (1.10.8+repack1-1).
libatlas-base-dev is already the newest version (3.10.3-13).
libavcodec-dev is already the newest version (8:5.1.7-0+deb12u1+rpt1).
libavformat-dev is already the newest version (8:5.1.7-0+deb12u1+rpt1).
libswscale-dev is already the newest version (8:5.1.7-0+deb12u1+rpt1).
libv4l-dev is already the newest version (1.22.1-5+b2).
libxvidcore-dev is already the newest version (2:1.3.7-1).
libx264-dev is already the newest version (2:0.164.3095+gitbaee400-3).
libgtk-3-dev is already the newest version (1:3.24.38-2~deb12u2+rpt7+rpi1).
libdc1394-dev is already the newest version (2.2.6-4).
v4l-utils is already the newest version (1.22.1-5+b2).
git is already the newest version (1:2.39.5-0+deb12u2).
wget is already the newest version (1.21.3-1+deb12u1).
curl is already the newest version (7.88.1-10+deb12u14).
build-essential is already the newest version (12.9).
cmake is already the newest version (3.25.1-1).
pkg-config is already the newest version (1.8.1-1).
libjpeg-dev is already the newest version (1:2.1.5-2).
libpng-dev is already the newest version (1.6.39-2).
libtiff-dev is already the newest version (4.5.0-6+deb12u3).
libwebp-dev is already the newest version (1.2.4-0.2+deb12u1).
libopenexr-dev is already the newest version (3.1.5-5).
The following packages were automatically installed and are no longer required:
  libbasicusageenvironment1 libgroupsock8 liblivemedia77 python3-v4l2
Use 'sudo apt autoremove' to remove them.
  libbasicusageenvironment1 libgroupsock8 liblivemedia77 python3-v4l2
Use 'sudo apt autoremove' to remove them.
0 upgraded, 0 newly installed, 0 to remove and 0 not upgraded.
0 upgraded, 0 newly installed, 0 to remove and 0 not upgraded.
[0;32m✅ Основные пакеты установлены[0m
SUCCESS: Основные пакеты установлены
[0;34m================================[0m
[0;34m🔥 Установка GStreamer[0m
[0;34m================================[0m
=== Установка GStreamer ===
[0;34mℹ️  Установка GStreamer...[0m
INFO: Установка GStreamer...
EXECUTING: sudo apt install -y libgstreamer1.0-dev libgstreamer-plugins-base1.0-dev gstreamer1.0-plugins-base gstreamer1.0-plugins-good gstreamer1.0-plugins-bad gstreamer1.0-plugins-ugly gstreamer1.0-libav gstreamer1.0-tools gstreamer1.0-x gstreamer1.0-alsa gstreamer1.0-gl gstreamer1.0-gtk3 gstreamer1.0-qt5 gstreamer1.0-pulseaudio
Command: sudo apt install -y libgstreamer1.0-dev libgstreamer-plugins-base1.0-dev gstreamer1.0-plugins-base gstreamer1.0-plugins-good gstreamer1.0-plugins-bad gstreamer1.0-plugins-ugly gstreamer1.0-libav gstreamer1.0-tools gstreamer1.0-x gstreamer1.0-alsa gstreamer1.0-gl gstreamer1.0-gtk3 gstreamer1.0-qt5 gstreamer1.0-pulseaudio

WARNING: apt does not have a stable CLI interface. Use with caution in scripts.


WARNING: apt does not have a stable CLI interface. Use with caution in scripts.

Reading package lists...Reading package lists...

Building dependency tree...Building dependency tree...
Reading state information...
Reading state information...

libgstreamer1.0-dev is already the newest version (1.22.0-2+deb12u1).
libgstreamer-plugins-base1.0-dev is already the newest version (1.22.0-3+rpt1+deb12u5).
gstreamer1.0-plugins-base is already the newest version (1.22.0-3+rpt1+deb12u5).
gstreamer1.0-plugins-good is already the newest version (1.22.0-5+rpt2+deb12u3).
gstreamer1.0-plugins-bad is already the newest version (1.22.0-4+deb12u6).
gstreamer1.0-plugins-ugly is already the newest version (1.22.0-2+deb12u1).
gstreamer1.0-libav is already the newest version (1.22.0-2).
gstreamer1.0-tools is already the newest version (1.22.0-2+deb12u1).
gstreamer1.0-x is already the newest version (1.22.0-3+rpt1+deb12u5).
gstreamer1.0-alsa is already the newest version (1.22.0-3+rpt1+deb12u5).
gstreamer1.0-gl is already the newest version (1.22.0-3+rpt1+deb12u5).
gstreamer1.0-gtk3 is already the newest version (1.22.0-5+rpt2+deb12u3).
gstreamer1.0-qt5 is already the newest version (1.22.0-5+rpt2+deb12u3).
gstreamer1.0-pulseaudio is already the newest version (1.22.0-5+rpt2+deb12u3).
The following packages were automatically installed and are no longer required:
libgstreamer1.0-dev is already the newest version (1.22.0-2+deb12u1).
libgstreamer-plugins-base1.0-dev is already the newest version (1.22.0-3+rpt1+deb12u5).
gstreamer1.0-plugins-base is already the newest version (1.22.0-3+rpt1+deb12u5).
gstreamer1.0-plugins-good is already the newest version (1.22.0-5+rpt2+deb12u3).
gstreamer1.0-plugins-bad is already the newest version (1.22.0-4+deb12u6).
gstreamer1.0-plugins-ugly is already the newest version (1.22.0-2+deb12u1).
gstreamer1.0-libav is already the newest version (1.22.0-2).
gstreamer1.0-tools is already the newest version (1.22.0-2+deb12u1).
gstreamer1.0-x is already the newest version (1.22.0-3+rpt1+deb12u5).
gstreamer1.0-alsa is already the newest version (1.22.0-3+rpt1+deb12u5).
gstreamer1.0-gl is already the newest version (1.22.0-3+rpt1+deb12u5).
gstreamer1.0-gtk3 is already the newest version (1.22.0-5+rpt2+deb12u3).
gstreamer1.0-qt5 is already the newest version (1.22.0-5+rpt2+deb12u3).
gstreamer1.0-pulseaudio is already the newest version (1.22.0-5+rpt2+deb12u3).
The following packages were automatically installed and are no longer required:
  libbasicusageenvironment1 libgroupsock8 liblivemedia77 python3-v4l2
  libbasicusageenvironment1 libgroupsock8 liblivemedia77 python3-v4l2
Use 'sudo apt autoremove' to remove them.
Use 'sudo apt autoremove' to remove them.
0 upgraded, 0 newly installed, 0 to remove and 0 not upgraded.
0 upgraded, 0 newly installed, 0 to remove and 0 not upgraded.
SUCCESS: GStreamer установлен
[0;32m✅ GStreamer установлен[0m
[0;34m================================[0m
[0;34m🔥 Установка зависимостей для камеры[0m
[0;34m================================[0m
=== Установка зависимостей для камеры ===
INFO: Установка минимальных зависимостей для PiCamera...
[0;34mℹ️  Установка минимальных зависимостей для PiCamera...[0m
EXECUTING: sudo apt install -y libcap-dev libcap2-dev libcap-ng-dev libcap-ng0 libcamera-dev libcamera-tools python3-libcamera python3-kms++ libgl1-mesa-dev libglu1-mesa-dev libdrm-dev
Command: sudo apt install -y libcap-dev libcap2-dev libcap-ng-dev libcap-ng0 libcamera-dev libcamera-tools python3-libcamera python3-kms++ libgl1-mesa-dev libglu1-mesa-dev libdrm-dev

WARNING: apt does not have a stable CLI interface. Use with caution in scripts.


WARNING: apt does not have a stable CLI interface. Use with caution in scripts.

Reading package lists...Reading package lists...

Building dependency tree...Building dependency tree...
Reading state information...
Reading state information...

libcap-dev is already the newest version (1:2.66-4+deb12u2).
libcap-ng-dev is already the newest version (0.8.3-1+b3).
libcap-ng0 is already the newest version (0.8.3-1+b3).
libcamera-dev is already the newest version (0.5.2+rpt20250903-1~bpo12+1).
libcamera-tools is already the newest version (0.5.2+rpt20250903-1~bpo12+1).
python3-libcamera is already the newest version (0.5.2+rpt20250903-1~bpo12+1).
python3-kms++ is already the newest version (0~git20250807.1813ada-1~bookworm).
libgl1-mesa-dev is already the newest version (24.2.8-1~bpo12+rpt4).
libglu1-mesa-dev is already the newest version (9.0.2-1.1).
libdrm-dev is already the newest version (2.4.123-1~bpo12+1+rpt1).
The following packages were automatically installed and are no longer required:
libcap-dev is already the newest version (1:2.66-4+deb12u2).
libcap-ng-dev is already the newest version (0.8.3-1+b3).
libcap-ng0 is already the newest version (0.8.3-1+b3).
libcamera-dev is already the newest version (0.5.2+rpt20250903-1~bpo12+1).
libcamera-tools is already the newest version (0.5.2+rpt20250903-1~bpo12+1).
python3-libcamera is already the newest version (0.5.2+rpt20250903-1~bpo12+1).
python3-kms++ is already the newest version (0~git20250807.1813ada-1~bookworm).
libgl1-mesa-dev is already the newest version (24.2.8-1~bpo12+rpt4).
libglu1-mesa-dev is already the newest version (9.0.2-1.1).
libdrm-dev is already the newest version (2.4.123-1~bpo12+1+rpt1).
The following packages were automatically installed and are no longer required:
  libbasicusageenvironment1 libgroupsock8 liblivemedia77 python3-v4l2
Use 'sudo apt autoremove' to remove them.
  libbasicusageenvironment1 libgroupsock8 liblivemedia77 python3-v4l2
Use 'sudo apt autoremove' to remove them.
0 upgraded, 0 newly installed, 0 to remove and 0 not upgraded.
0 upgraded, 0 newly installed, 0 to remove and 0 not upgraded.
[0;32m✅ Зависимости для камеры установлены[0m
SUCCESS: Зависимости для камеры установлены
[0;34m================================[0m
[0;34m🔥 Настройка камеры[0m
[0;34m================================[0m
=== Настройка камеры ===
[0;34mℹ️  Включение камеры...[0m
INFO: Включение камеры...
EXECUTING: sudo raspi-config nonint do_camera 0
Command: sudo raspi-config nonint do_camera 0
INFO: Проверка камеры...
EXECUTING: vcgencmd get_camera
Command: vcgencmd get_camera
[0;34mℹ️  Проверка камеры...[0m
supported=0 detected=0, libcamera interfaces=0
Camera status: supported=0 detected=0, libcamera interfaces=0
[1;33m⚠️  Камера не обнаружена. Убедитесь, что она подключена.[0m
WARNING: Камера не обнаружена. Убедитесь, что она подключена.
CAMERA NOT DETECTED
[0;34m================================[0m
[0;34m🔥 Создание виртуального окружения[0m
[0;34m================================[0m
=== Создание виртуального окружения ===
[0;34mℹ️  Создание виртуального окружения...[0m
INFO: Создание виртуального окружения...
EXECUTING: python3 -m venv fire_detection_env
Command: python3 -m venv fire_detection_env
SUCCESS: Виртуальное окружение создано
INFO: Активация виртуального окружения...
[0;32m✅ Виртуальное окружение создано[0m
[0;34mℹ️  Активация виртуального окружения...[0m
INFO: Обновление pip...
EXECUTING: pip install --upgrade pip
Command: pip install --upgrade pip
[0;34mℹ️  Обновление pip...[0m
error: externally-managed-environment

× This environment is externally managed
╰─> To install Python packages system-wide, try apt install
    python3-xyz, where xyz is the package you are trying to
    install.
    
    If you wish to install a non-Debian-packaged Python package,
    create a virtual environment using python3 -m venv path/to/venv.
    Then use path/to/venv/bin/python and path/to/venv/bin/pip. Make
    sure you have python3-full installed.
    
    For more information visit http://rptl.io/venv

note: If you believe this is a mistake, please contact your Python installation or OS distribution provider. You can override this, at the risk of breaking your Python installation or OS, by passing --break-system-packages.
hint: See PEP 668 for the detailed specification.
error: externally-managed-environment

× This environment is externally managed
╰─> To install Python packages system-wide, try apt install
    python3-xyz, where xyz is the package you are trying to
    install.
    
    If you wish to install a non-Debian-packaged Python package,
    create a virtual environment using python3 -m venv path/to/venv.
    Then use path/to/venv/bin/python and path/to/venv/bin/pip. Make
    sure you have python3-full installed.
    
    For more information visit http://rptl.io/venv

note: If you believe this is a mistake, please contact your Python installation or OS distribution provider. You can override this, at the risk of breaking your Python installation or OS, by passing --break-system-packages.
hint: See PEP 668 for the detailed specification.
[0;31m❌ Ошибка обновления pip[0m
ERROR: Ошибка обновления pip
PIP UPDATE FAILED
